#
# There is insufficient memory for the Java Runtime Environment to continue.
# Native memory allocation (malloc) failed to allocate 51056 bytes. Error detail: Chunk::new
# Possible reasons:
#   The system is out of physical RAM or swap space
#   This process is running with CompressedOops enabled, and the Java Heap may be blocking the growth of the native heap
# Possible solutions:
#   Reduce memory load on the system
#   Increase physical memory or swap space
#   Check if swap backing store is full
#   Decrease Java heap size (-Xmx/-Xms)
#   Decrease number of Java threads
#   Decrease Java thread stack sizes (-Xss)
#   Set larger code cache with -XX:ReservedCodeCacheSize=
#   JVM is running with Unscaled Compressed Oops mode in which the Java heap is
#     placed in the first 4GB address space. The Java Heap base address is the
#     maximum limit for the native heap growth. Please use -XX:HeapBaseMinAddress
#     to set the Java Heap base and to place the Java Heap above 4GB virtual address.
# This output file may be truncated or incomplete.
#
#  Out of Memory Error (arena.cpp:191), pid=3336, tid=14672
#
# JRE version: OpenJDK Runtime Environment (17.0.11) (build 17.0.11+0--11852314)
# Java VM: OpenJDK 64-Bit Server VM (17.0.11+0--11852314, mixed mode, tiered, compressed oops, compressed class ptrs, g1 gc, windows-amd64)
# No core dump will be written. Minidumps are not enabled by default on client versions of Windows
#

---------------  S U M M A R Y ------------

Command Line: --add-opens=java.base/java.util=ALL-UNNAMED --add-opens=java.base/java.lang=ALL-UNNAMED --add-opens=java.base/java.lang.invoke=ALL-UNNAMED --add-opens=java.prefs/java.util.prefs=ALL-UNNAMED --add-opens=java.base/java.nio.charset=ALL-UNNAMED --add-opens=java.base/java.net=ALL-UNNAMED --add-opens=java.base/java.util.concurrent.atomic=ALL-UNNAMED -Xmx2048m -Dfile.encoding=UTF-8 -Duser.country=RU -Duser.language=ru -Duser.variant -javaagent:C:\Users\PC\.gradle\wrapper\dists\gradle-8.7-bin\bhs2wmbdwecv87pi65oeuq5iu\gradle-8.7\lib\agents\gradle-instrumentation-agent-8.7.jar org.gradle.launcher.daemon.bootstrap.GradleDaemon 8.7

Host: Intel(R) Xeon(R) CPU E31270 @ 3.40GHz, 8 cores, 15G,  Windows 10 , 64 bit Build 19041 (10.0.19041.4957)
Time: Tue Oct 15 22:44:51 2024 RTZ 2 (s 10 , 64 bit Build 19041 (10.0.19041.4957) elapsed time: 7.053256 seconds (0d 0h 0m 7s)

---------------  T H R E A D  ---------------

Current thread (0x000001a9e8ede4b0):  JavaThread "C2 CompilerThread1" daemon [_thread_in_native, id=14672, stack(0x00000064d5f00000,0x00000064d6000000)]


Current CompileTask:
C2:   7053 4330       4       org.antlr.v4.runtime.CommonTokenStream::LT (75 bytes)

Stack: [0x00000064d5f00000,0x00000064d6000000]
Native frames: (J=compiled Java code, j=interpreted, Vv=VM code, C=native code)
V  [jvm.dll+0x687bb9]
V  [jvm.dll+0x84142a]
V  [jvm.dll+0x8430ae]
V  [jvm.dll+0x843713]
V  [jvm.dll+0x24a35f]
V  [jvm.dll+0xac544]
V  [jvm.dll+0xacb8c]
V  [jvm.dll+0x369c37]
V  [jvm.dll+0x1be126]
V  [jvm.dll+0x21c029]
V  [jvm.dll+0x21b311]
V  [jvm.dll+0x1a63ed]
V  [jvm.dll+0x22b1ee]
V  [jvm.dll+0x229375]
V  [jvm.dll+0x7f5647]
V  [jvm.dll+0x7efa4a]
V  [jvm.dll+0x686a35]
C  [ucrtbase.dll+0x21bb2]
C  [KERNEL32.DLL+0x17374]
C  [ntdll.dll+0x4cc91]


---------------  P R O C E S S  ---------------

Threads class SMR info:
_java_thread_list=0x000001a9eb198af0, length=34, elements={
0x000001a9c74cd0d0, 0x000001a9e34a95d0, 0x000001a9e34abf80, 0x000001a9e34d8ca0,
0x000001a9e34dca90, 0x000001a9e34dd360, 0x000001a9e34f8640, 0x000001a9e34fc7f0,
0x000001a9e34fd1b0, 0x000001a9e35002b0, 0x000001a9e3310c70, 0x000001a9e37cc590,
0x000001a9e8ede4b0, 0x000001a9e9fc6010, 0x000001a9e9e23cc0, 0x000001a9e9d92730,
0x000001a9e93a6700, 0x000001a9e93d55c0, 0x000001a9ea9ea570, 0x000001a9ea9ed810,
0x000001a9ea9ea060, 0x000001a9ea9eaa80, 0x000001a9ea9eaf90, 0x000001a9ea9eb9b0,
0x000001a9ea9ec3d0, 0x000001a9ea9ec8e0, 0x000001a9ea0a5b80, 0x000001a9ea1313a0,
0x000001a9ea12ccc0, 0x000001a9ea12e100, 0x000001a9ea12fa50, 0x000001a9ea12c2a0,
0x000001a9ea12d1d0, 0x000001a9ea12eb20
}

Java Threads: ( => current thread )
  0x000001a9c74cd0d0 JavaThread "main" [_thread_blocked, id=8556, stack(0x00000064d4c00000,0x00000064d4d00000)]
  0x000001a9e34a95d0 JavaThread "Reference Handler" daemon [_thread_blocked, id=3536, stack(0x00000064d5300000,0x00000064d5400000)]
  0x000001a9e34abf80 JavaThread "Finalizer" daemon [_thread_blocked, id=7364, stack(0x00000064d5400000,0x00000064d5500000)]
  0x000001a9e34d8ca0 JavaThread "Signal Dispatcher" daemon [_thread_blocked, id=8184, stack(0x00000064d5500000,0x00000064d5600000)]
  0x000001a9e34dca90 JavaThread "Attach Listener" daemon [_thread_blocked, id=3144, stack(0x00000064d5600000,0x00000064d5700000)]
  0x000001a9e34dd360 JavaThread "Service Thread" daemon [_thread_blocked, id=2000, stack(0x00000064d5700000,0x00000064d5800000)]
  0x000001a9e34f8640 JavaThread "Monitor Deflation Thread" daemon [_thread_blocked, id=3856, stack(0x00000064d5800000,0x00000064d5900000)]
  0x000001a9e34fc7f0 JavaThread "C2 CompilerThread0" daemon [_thread_in_native, id=11516, stack(0x00000064d5900000,0x00000064d5a00000)]
  0x000001a9e34fd1b0 JavaThread "C1 CompilerThread0" daemon [_thread_in_native, id=12320, stack(0x00000064d5a00000,0x00000064d5b00000)]
  0x000001a9e35002b0 JavaThread "Sweeper thread" daemon [_thread_blocked, id=14720, stack(0x00000064d5b00000,0x00000064d5c00000)]
  0x000001a9e3310c70 JavaThread "Common-Cleaner" daemon [_thread_blocked, id=14656, stack(0x00000064d5c00000,0x00000064d5d00000)]
  0x000001a9e37cc590 JavaThread "Notification Thread" daemon [_thread_blocked, id=7192, stack(0x00000064d5d00000,0x00000064d5e00000)]
=>0x000001a9e8ede4b0 JavaThread "C2 CompilerThread1" daemon [_thread_in_native, id=14672, stack(0x00000064d5f00000,0x00000064d6000000)]
  0x000001a9e9fc6010 JavaThread "Daemon health stats" [_thread_blocked, id=14700, stack(0x00000064d6500000,0x00000064d6600000)]
  0x000001a9e9e23cc0 JavaThread "Incoming local TCP Connector on port 51793" [_thread_in_native, id=9704, stack(0x00000064d6600000,0x00000064d6700000)]
  0x000001a9e9d92730 JavaThread "Daemon periodic checks" [_thread_blocked, id=4420, stack(0x00000064d6700000,0x00000064d6800000)]
  0x000001a9e93a6700 JavaThread "Daemon" [_thread_blocked, id=6880, stack(0x00000064d6800000,0x00000064d6900000)]
  0x000001a9e93d55c0 JavaThread "Handler for socket connection from /127.0.0.1:51793 to /127.0.0.1:51794" [_thread_in_native, id=5984, stack(0x00000064d6900000,0x00000064d6a00000)]
  0x000001a9ea9ea570 JavaThread "Cancel handler" [_thread_blocked, id=10192, stack(0x00000064d6a00000,0x00000064d6b00000)]
  0x000001a9ea9ed810 JavaThread "Daemon worker" [_thread_in_Java, id=640, stack(0x00000064d6b00000,0x00000064d6c00000)]
  0x000001a9ea9ea060 JavaThread "Asynchronous log dispatcher for DefaultDaemonConnection: socket connection from /127.0.0.1:51793 to /127.0.0.1:51794" [_thread_blocked, id=1160, stack(0x00000064d6c00000,0x00000064d6d00000)]
  0x000001a9ea9eaa80 JavaThread "Stdin handler" [_thread_blocked, id=11640, stack(0x00000064d6d00000,0x00000064d6e00000)]
  0x000001a9ea9eaf90 JavaThread "Daemon client event forwarder" [_thread_blocked, id=7072, stack(0x00000064d6e00000,0x00000064d6f00000)]
  0x000001a9ea9eb9b0 JavaThread "Cache worker for journal cache (C:\Users\PC\.gradle\caches\journal-1)" [_thread_blocked, id=5892, stack(0x00000064d7200000,0x00000064d7300000)]
  0x000001a9ea9ec3d0 JavaThread "File lock request listener" [_thread_in_native, id=7708, stack(0x00000064d7300000,0x00000064d7400000)]
  0x000001a9ea9ec8e0 JavaThread "Cache worker for file hash cache (C:\Users\PC\.gradle\caches\8.7\fileHashes)" [_thread_blocked, id=13876, stack(0x00000064d7400000,0x00000064d7500000)]
  0x000001a9ea0a5b80 JavaThread "C2 CompilerThread2" daemon [_thread_in_native, id=10048, stack(0x00000064d7500000,0x00000064d7600000)]
  0x000001a9ea1313a0 JavaThread "Cache worker for file hash cache (C:\Users\PC\AndroidStudioProjects\IGShop\.gradle\8.7\fileHashes)" [_thread_blocked, id=6508, stack(0x00000064d7600000,0x00000064d7700000)]
  0x000001a9ea12ccc0 JavaThread "File watcher server" daemon [_thread_in_native, id=7352, stack(0x00000064d7700000,0x00000064d7800000)]
  0x000001a9ea12e100 JavaThread "File watcher consumer" daemon [_thread_blocked, id=10564, stack(0x00000064d7800000,0x00000064d7900000)]
  0x000001a9ea12fa50 JavaThread "Cache worker for checksums cache (C:\Users\PC\AndroidStudioProjects\IGShop\.gradle\8.7\checksums)" [_thread_blocked, id=6172, stack(0x00000064d7900000,0x00000064d7a00000)]
  0x000001a9ea12c2a0 JavaThread "Cache worker for cache directory md-supplier (C:\Users\PC\.gradle\caches\8.7\md-supplier)" [_thread_blocked, id=2348, stack(0x00000064d7a00000,0x00000064d7b00000)]
  0x000001a9ea12d1d0 JavaThread "Cache worker for cache directory md-rule (C:\Users\PC\.gradle\caches\8.7\md-rule)" [_thread_blocked, id=4020, stack(0x00000064d7b00000,0x00000064d7c00000)]
  0x000001a9ea12eb20 JavaThread "Cache worker for file content cache (C:\Users\PC\.gradle\caches\8.7\fileContent)" [_thread_blocked, id=5564, stack(0x00000064d7c00000,0x00000064d7d00000)]

Other Threads:
  0x000001a9e34a7330 VMThread "VM Thread" [stack: 0x00000064d5200000,0x00000064d5300000] [id=13800]
  0x000001a9e373ae60 WatcherThread [stack: 0x00000064d5e00000,0x00000064d5f00000] [id=8084]
  0x000001a9c752a280 GCTaskThread "GC Thread#0" [stack: 0x00000064d4d00000,0x00000064d4e00000] [id=4144]
  0x000001a9e8ca91b0 GCTaskThread "GC Thread#1" [stack: 0x00000064d6000000,0x00000064d6100000] [id=5356]
  0x000001a9e8b2a400 GCTaskThread "GC Thread#2" [stack: 0x00000064d6100000,0x00000064d6200000] [id=13808]
  0x000001a9e8b2a6c0 GCTaskThread "GC Thread#3" [stack: 0x00000064d6200000,0x00000064d6300000] [id=1280]
  0x000001a9e86f8020 GCTaskThread "GC Thread#4" [stack: 0x00000064d6300000,0x00000064d6400000] [id=9076]
  0x000001a9e86f8a80 GCTaskThread "GC Thread#5" [stack: 0x00000064d6400000,0x00000064d6500000] [id=2748]
  0x000001a9ea0d4640 GCTaskThread "GC Thread#6" [stack: 0x00000064d6f00000,0x00000064d7000000] [id=11316]
  0x000001a9e972d6d0 GCTaskThread "GC Thread#7" [stack: 0x00000064d7000000,0x00000064d7100000] [id=3680]
  0x000001a9c753b0e0 ConcurrentGCThread "G1 Main Marker" [stack: 0x00000064d4e00000,0x00000064d4f00000] [id=8304]
  0x000001a9c753ba10 ConcurrentGCThread "G1 Conc#0" [stack: 0x00000064d4f00000,0x00000064d5000000] [id=11240]
  0x000001a9ea518040 ConcurrentGCThread "G1 Conc#1" [stack: 0x00000064d7100000,0x00000064d7200000] [id=12164]
  0x000001a9c758e520 ConcurrentGCThread "G1 Refine#0" [stack: 0x00000064d5000000,0x00000064d5100000] [id=13500]
  0x000001a9e31dd1d0 ConcurrentGCThread "G1 Service" [stack: 0x00000064d5100000,0x00000064d5200000] [id=8060]

Threads with active compile tasks:
C2 CompilerThread0     7094 4153       4       org.objectweb.asm.Frame::execute (2318 bytes)
C2 CompilerThread1     7094 4330       4       org.antlr.v4.runtime.CommonTokenStream::LT (75 bytes)
C2 CompilerThread2     7094 4428       4       java.util.Arrays::copyOf (40 bytes)

VM state: not at safepoint (normal execution)

VM Mutex/Monitor currently owned by a thread: None

Heap address: 0x0000000080000000, size: 2048 MB, Compressed Oops mode: 32-bit

CDS archive(s) not mapped
Compressed class space mapped at: 0x0000000100000000-0x0000000140000000, reserved size: 1073741824
Narrow klass base: 0x0000000000000000, Narrow klass shift: 3, Narrow klass range: 0x140000000

GC Precious Log:
 CPUs: 8 total, 8 available
 Memory: 16344M
 Large Page Support: Disabled
 NUMA Support: Disabled
 Compressed Oops: Enabled (32-bit)
 Heap Region Size: 1M
 Heap Min Capacity: 8M
 Heap Initial Capacity: 256M
 Heap Max Capacity: 2G
 Pre-touch: Disabled
 Parallel Workers: 8
 Concurrent Workers: 2
 Concurrent Refinement Workers: 8
 Periodic GC: Disabled

Heap:
 garbage-first heap   total 71680K, used 39115K [0x0000000080000000, 0x0000000100000000)
  region size 1024K, 9 young (9216K), 2 survivors (2048K)
 Metaspace       used 49595K, committed 50048K, reserved 1114112K
  class space    used 6790K, committed 6976K, reserved 1048576K

Heap Regions: E=young(eden), S=young(survivor), O=old, HS=humongous(starts), HC=humongous(continues), CS=collection set, F=free, OA=open archive, CA=closed archive, TAMS=top-at-mark-start (previous, next)
|   0|0x0000000080000000, 0x0000000080100000, 0x0000000080100000|100%|HS|  |TAMS 0x0000000080100000, 0x0000000080000000| Complete 
|   1|0x0000000080100000, 0x0000000080200000, 0x0000000080200000|100%|HC|  |TAMS 0x0000000080200000, 0x0000000080100000| Complete 
|   2|0x0000000080200000, 0x0000000080300000, 0x0000000080300000|100%|HC|  |TAMS 0x0000000080300000, 0x0000000080200000| Complete 
|   3|0x0000000080300000, 0x0000000080400000, 0x0000000080400000|100%|HC|  |TAMS 0x0000000080400000, 0x0000000080300000| Complete 
|   4|0x0000000080400000, 0x0000000080500000, 0x0000000080500000|100%| O|  |TAMS 0x0000000080500000, 0x0000000080400000| Untracked 
|   5|0x0000000080500000, 0x0000000080600000, 0x0000000080600000|100%| O|  |TAMS 0x0000000080600000, 0x0000000080500000| Untracked 
|   6|0x0000000080600000, 0x0000000080700000, 0x0000000080700000|100%| O|  |TAMS 0x0000000080700000, 0x0000000080600000| Untracked 
|   7|0x0000000080700000, 0x0000000080800000, 0x0000000080800000|100%| O|  |TAMS 0x0000000080800000, 0x0000000080700000| Untracked 
|   8|0x0000000080800000, 0x0000000080900000, 0x0000000080900000|100%| O|  |TAMS 0x0000000080900000, 0x0000000080800000| Untracked 
|   9|0x0000000080900000, 0x0000000080a00000, 0x0000000080a00000|100%| O|  |TAMS 0x0000000080a00000, 0x0000000080900000| Untracked 
|  10|0x0000000080a00000, 0x0000000080a2da00, 0x0000000080b00000| 17%| O|  |TAMS 0x0000000080a2da00, 0x0000000080a00000| Untracked 
|  11|0x0000000080b00000, 0x0000000080c00000, 0x0000000080c00000|100%| O|  |TAMS 0x0000000080c00000, 0x0000000080b00000| Untracked 
|  12|0x0000000080c00000, 0x0000000080d00000, 0x0000000080d00000|100%| O|  |TAMS 0x0000000080d00000, 0x0000000080c00000| Untracked 
|  13|0x0000000080d00000, 0x0000000080e00000, 0x0000000080e00000|100%| O|  |TAMS 0x0000000080e00000, 0x0000000080d00000| Untracked 
|  14|0x0000000080e00000, 0x0000000080f00000, 0x0000000080f00000|100%| O|  |TAMS 0x0000000080f00000, 0x0000000080e00000| Untracked 
|  15|0x0000000080f00000, 0x0000000081000000, 0x0000000081000000|100%| O|  |TAMS 0x0000000081000000, 0x0000000080f00000| Untracked 
|  16|0x0000000081000000, 0x0000000081100000, 0x0000000081100000|100%| O|  |TAMS 0x0000000081100000, 0x0000000081000000| Untracked 
|  17|0x0000000081100000, 0x0000000081200000, 0x0000000081200000|100%| O|  |TAMS 0x0000000081200000, 0x0000000081100000| Untracked 
|  18|0x0000000081200000, 0x0000000081300000, 0x0000000081300000|100%| O|  |TAMS 0x0000000081300000, 0x0000000081200000| Untracked 
|  19|0x0000000081300000, 0x0000000081400000, 0x0000000081400000|100%| O|  |TAMS 0x0000000081400000, 0x0000000081300000| Untracked 
|  20|0x0000000081400000, 0x0000000081500000, 0x0000000081500000|100%| O|  |TAMS 0x0000000081486800, 0x0000000081400000| Untracked 
|  21|0x0000000081500000, 0x0000000081600000, 0x0000000081600000|100%| O|  |TAMS 0x0000000081500000, 0x0000000081500000| Untracked 
|  22|0x0000000081600000, 0x0000000081700000, 0x0000000081700000|100%| O|  |TAMS 0x0000000081600000, 0x0000000081600000| Untracked 
|  23|0x0000000081700000, 0x0000000081800000, 0x0000000081800000|100%| O|  |TAMS 0x0000000081700000, 0x0000000081700000| Untracked 
|  24|0x0000000081800000, 0x0000000081900000, 0x0000000081900000|100%| O|  |TAMS 0x0000000081800000, 0x0000000081800000| Untracked 
|  25|0x0000000081900000, 0x0000000081a00000, 0x0000000081a00000|100%| O|  |TAMS 0x0000000081900000, 0x0000000081900000| Untracked 
|  26|0x0000000081a00000, 0x0000000081b00000, 0x0000000081b00000|100%| O|  |TAMS 0x0000000081a00000, 0x0000000081a00000| Untracked 
|  27|0x0000000081b00000, 0x0000000081c00000, 0x0000000081c00000|100%| O|  |TAMS 0x0000000081b00000, 0x0000000081b00000| Untracked 
|  28|0x0000000081c00000, 0x0000000081d00000, 0x0000000081d00000|100%| O|  |TAMS 0x0000000081c00000, 0x0000000081c00000| Untracked 
|  29|0x0000000081d00000, 0x0000000081e00000, 0x0000000081e00000|100%| O|  |TAMS 0x0000000081d00000, 0x0000000081d00000| Untracked 
|  30|0x0000000081e00000, 0x0000000081f00000, 0x0000000081f00000|100%| O|  |TAMS 0x0000000081e00000, 0x0000000081e00000| Untracked 
|  31|0x0000000081f00000, 0x0000000081f8f000, 0x0000000082000000| 55%| O|  |TAMS 0x0000000081f00000, 0x0000000081f00000| Untracked 
|  32|0x0000000082000000, 0x0000000082000000, 0x0000000082100000|  0%| F|  |TAMS 0x0000000082000000, 0x0000000082000000| Untracked 
|  33|0x0000000082100000, 0x0000000082100000, 0x0000000082200000|  0%| F|  |TAMS 0x0000000082100000, 0x0000000082100000| Untracked 
|  34|0x0000000082200000, 0x0000000082200000, 0x0000000082300000|  0%| F|  |TAMS 0x0000000082200000, 0x0000000082200000| Untracked 
|  35|0x0000000082300000, 0x0000000082300000, 0x0000000082400000|  0%| F|  |TAMS 0x0000000082300000, 0x0000000082300000| Untracked 
|  36|0x0000000082400000, 0x0000000082400000, 0x0000000082500000|  0%| F|  |TAMS 0x0000000082400000, 0x0000000082400000| Untracked 
|  37|0x0000000082500000, 0x0000000082500000, 0x0000000082600000|  0%| F|  |TAMS 0x0000000082500000, 0x0000000082500000| Untracked 
|  38|0x0000000082600000, 0x0000000082600000, 0x0000000082700000|  0%| F|  |TAMS 0x0000000082600000, 0x0000000082600000| Untracked 
|  39|0x0000000082700000, 0x0000000082700000, 0x0000000082800000|  0%| F|  |TAMS 0x0000000082700000, 0x0000000082700000| Untracked 
|  40|0x0000000082800000, 0x0000000082800000, 0x0000000082900000|  0%| F|  |TAMS 0x0000000082800000, 0x0000000082800000| Untracked 
|  41|0x0000000082900000, 0x0000000082900000, 0x0000000082a00000|  0%| F|  |TAMS 0x0000000082900000, 0x0000000082900000| Untracked 
|  42|0x0000000082a00000, 0x0000000082a00000, 0x0000000082b00000|  0%| F|  |TAMS 0x0000000082a00000, 0x0000000082a00000| Untracked 
|  43|0x0000000082b00000, 0x0000000082b76350, 0x0000000082c00000| 46%| S|CS|TAMS 0x0000000082b00000, 0x0000000082b00000| Complete 
|  44|0x0000000082c00000, 0x0000000082c00000, 0x0000000082d00000|  0%| F|  |TAMS 0x0000000082c00000, 0x0000000082c00000| Untracked 
|  45|0x0000000082d00000, 0x0000000082e00000, 0x0000000082e00000|100%| S|CS|TAMS 0x0000000082d00000, 0x0000000082d00000| Complete 
|  46|0x0000000082e00000, 0x0000000082e00000, 0x0000000082f00000|  0%| F|  |TAMS 0x0000000082e00000, 0x0000000082e00000| Untracked 
|  47|0x0000000082f00000, 0x0000000082f00000, 0x0000000083000000|  0%| F|  |TAMS 0x0000000082f00000, 0x0000000082f00000| Untracked 
|  48|0x0000000083000000, 0x0000000083000000, 0x0000000083100000|  0%| F|  |TAMS 0x0000000083000000, 0x0000000083000000| Untracked 
|  49|0x0000000083100000, 0x0000000083100000, 0x0000000083200000|  0%| F|  |TAMS 0x0000000083100000, 0x0000000083100000| Untracked 
|  50|0x0000000083200000, 0x0000000083200000, 0x0000000083300000|  0%| F|  |TAMS 0x0000000083200000, 0x0000000083200000| Untracked 
|  51|0x0000000083300000, 0x0000000083300000, 0x0000000083400000|  0%| F|  |TAMS 0x0000000083300000, 0x0000000083300000| Untracked 
|  52|0x0000000083400000, 0x0000000083400000, 0x0000000083500000|  0%| F|  |TAMS 0x0000000083400000, 0x0000000083400000| Untracked 
|  53|0x0000000083500000, 0x0000000083500000, 0x0000000083600000|  0%| F|  |TAMS 0x0000000083500000, 0x0000000083500000| Untracked 
|  54|0x0000000083600000, 0x0000000083600000, 0x0000000083700000|  0%| F|  |TAMS 0x0000000083600000, 0x0000000083600000| Untracked 
|  55|0x0000000083700000, 0x0000000083700000, 0x0000000083800000|  0%| F|  |TAMS 0x0000000083700000, 0x0000000083700000| Untracked 
|  56|0x0000000083800000, 0x0000000083800000, 0x0000000083900000|  0%| F|  |TAMS 0x0000000083800000, 0x0000000083800000| Untracked 
|  57|0x0000000083900000, 0x0000000083900000, 0x0000000083a00000|  0%| F|  |TAMS 0x0000000083900000, 0x0000000083900000| Untracked 
|  58|0x0000000083a00000, 0x0000000083a00000, 0x0000000083b00000|  0%| F|  |TAMS 0x0000000083a00000, 0x0000000083a00000| Untracked 
|  59|0x0000000083b00000, 0x0000000083b00000, 0x0000000083c00000|  0%| F|  |TAMS 0x0000000083b00000, 0x0000000083b00000| Untracked 
| 196|0x000000008c400000, 0x000000008c400000, 0x000000008c500000|  0%| F|  |TAMS 0x000000008c400000, 0x000000008c400000| Untracked 
| 197|0x000000008c500000, 0x000000008c500000, 0x000000008c600000|  0%| F|  |TAMS 0x000000008c500000, 0x000000008c500000| Untracked 
| 198|0x000000008c600000, 0x000000008c600000, 0x000000008c700000|  0%| F|  |TAMS 0x000000008c600000, 0x000000008c600000| Untracked 
| 199|0x000000008c700000, 0x000000008c7ddf20, 0x000000008c800000| 86%| E|  |TAMS 0x000000008c700000, 0x000000008c700000| Complete 
| 200|0x000000008c800000, 0x000000008c900000, 0x000000008c900000|100%| E|CS|TAMS 0x000000008c800000, 0x000000008c800000| Complete 
| 201|0x000000008c900000, 0x000000008ca00000, 0x000000008ca00000|100%| E|CS|TAMS 0x000000008c900000, 0x000000008c900000| Complete 
| 202|0x000000008ca00000, 0x000000008cb00000, 0x000000008cb00000|100%| E|CS|TAMS 0x000000008ca00000, 0x000000008ca00000| Complete 
| 203|0x000000008cb00000, 0x000000008cc00000, 0x000000008cc00000|100%| E|CS|TAMS 0x000000008cb00000, 0x000000008cb00000| Complete 
| 204|0x000000008cc00000, 0x000000008cd00000, 0x000000008cd00000|100%| E|CS|TAMS 0x000000008cc00000, 0x000000008cc00000| Complete 
| 255|0x000000008ff00000, 0x0000000090000000, 0x0000000090000000|100%| E|CS|TAMS 0x000000008ff00000, 0x000000008ff00000| Complete 

Card table byte_map: [0x000001a9dc040000,0x000001a9dc440000] _byte_map_base: 0x000001a9dbc40000

Marking Bits (Prev, Next): (CMBitMap*) 0x000001a9c752a7b0, (CMBitMap*) 0x000001a9c752a7f0
 Prev Bits: [0x000001a9dc840000, 0x000001a9de840000)
 Next Bits: [0x000001a9de840000, 0x000001a9e0840000)

Polling page: 0x000001a9c7590000

Metaspace:

Usage:
  Non-class:     41.82 MB used.
      Class:      6.63 MB used.
       Both:     48.45 MB used.

Virtual space:
  Non-class space:       64.00 MB reserved,      42.06 MB ( 66%) committed,  1 nodes.
      Class space:        1.00 GB reserved,       6.81 MB ( <1%) committed,  1 nodes.
             Both:        1.06 GB reserved,      48.88 MB (  4%) committed. 

Chunk freelists:
   Non-Class:  5.62 MB
       Class:  9.13 MB
        Both:  14.75 MB

MaxMetaspaceSize: unlimited
CompressedClassSpaceSize: 1.00 GB
Initial GC threshold: 21.00 MB
Current GC threshold: 59.06 MB
CDS: off
MetaspaceReclaimPolicy: balanced
 - commit_granule_bytes: 65536.
 - commit_granule_words: 8192.
 - virtual_space_node_default_size: 8388608.
 - enlarge_chunks_in_place: 1.
 - new_chunks_are_fully_committed: 0.
 - uncommit_free_chunks: 1.
 - use_allocation_guard: 0.
 - handle_deallocations: 1.


Internal statistics:

num_allocs_failed_limit: 6.
num_arena_births: 470.
num_arena_deaths: 0.
num_vsnodes_births: 2.
num_vsnodes_deaths: 0.
num_space_committed: 782.
num_space_uncommitted: 0.
num_chunks_returned_to_freelist: 6.
num_chunks_taken_from_freelist: 2021.
num_chunk_merges: 6.
num_chunk_splits: 1330.
num_chunks_enlarged: 927.
num_inconsistent_stats: 0.

CodeHeap 'non-profiled nmethods': size=120000Kb used=2804Kb max_used=2804Kb free=117195Kb
 bounds [0x000001a9d3ca0000, 0x000001a9d3f60000, 0x000001a9db1d0000]
CodeHeap 'profiled nmethods': size=120000Kb used=9088Kb max_used=9088Kb free=110911Kb
 bounds [0x000001a9cc1d0000, 0x000001a9ccac0000, 0x000001a9d3700000]
CodeHeap 'non-nmethods': size=5760Kb used=1606Kb max_used=1658Kb free=4153Kb
 bounds [0x000001a9d3700000, 0x000001a9d3970000, 0x000001a9d3ca0000]
 total_blobs=5114 nmethods=4438 adapters=588
 compilation: enabled
              stopped_count=0, restarted_count=0
 full_count=0

Compilation events (20 events):
Event: 7.047 Thread 0x000001a9e34fd1b0 4327       3       org.antlr.v4.runtime.Lexer::getCharIndex (10 bytes)
Event: 7.047 Thread 0x000001a9e34fd1b0 nmethod 4327 0x000001a9cca78610 code [0x000001a9cca787a0, 0x000001a9cca78978]
Event: 7.047 Thread 0x000001a9e34fd1b0 4328       3       org.antlr.v4.runtime.CommonTokenFactory::create (18 bytes)
Event: 7.047 Thread 0x000001a9e34fd1b0 nmethod 4328 0x000001a9cca78a90 code [0x000001a9cca78c20, 0x000001a9cca78d88]
Event: 7.047 Thread 0x000001a9e34fd1b0 4332       3       org.antlr.v4.runtime.CommonTokenFactory::create (85 bytes)
Event: 7.048 Thread 0x000001a9e34fd1b0 nmethod 4332 0x000001a9cca78e90 code [0x000001a9cca79080, 0x000001a9cca79668]
Event: 7.048 Thread 0x000001a9e34fd1b0 4333       3       org.antlr.v4.runtime.CommonToken::<init> (86 bytes)
Event: 7.048 Thread 0x000001a9e34fd1b0 nmethod 4333 0x000001a9cca79890 code [0x000001a9cca79a80, 0x000001a9cca7a438]
Event: 7.048 Thread 0x000001a9e34fd1b0 4334       3       org.antlr.v4.runtime.Lexer::getLine (11 bytes)
Event: 7.048 Thread 0x000001a9e34fd1b0 nmethod 4334 0x000001a9cca7a710 code [0x000001a9cca7a8c0, 0x000001a9cca7ab58]
Event: 7.048 Thread 0x000001a9e34fd1b0 4339       3       org.antlr.v4.runtime.Lexer::getCharPositionInLine (11 bytes)
Event: 7.049 Thread 0x000001a9e34fd1b0 nmethod 4339 0x000001a9cca7ac90 code [0x000001a9cca7ae40, 0x000001a9cca7b0d8]
Event: 7.049 Thread 0x000001a9e34fd1b0 4338       3       org.antlr.v4.runtime.atn.LexerTypeAction::execute (9 bytes)
Event: 7.049 Thread 0x000001a9e34fd1b0 nmethod 4338 0x000001a9cca7b210 code [0x000001a9cca7b3a0, 0x000001a9cca7b558]
Event: 7.049 Thread 0x000001a9e34fd1b0 4318       3       org.antlr.v4.runtime.CommonTokenStream::adjustSeekIndex (10 bytes)
Event: 7.049 Thread 0x000001a9e34fd1b0 nmethod 4318 0x000001a9cca7b610 code [0x000001a9cca7b7a0, 0x000001a9cca7b968]
Event: 7.049 Thread 0x000001a9e34fd1b0 4323       3       org.antlr.v4.runtime.BufferedTokenStream::consume (119 bytes)
Event: 7.049 Thread 0x000001a9ea0a5b80 4345       4       org.antlr.v4.runtime.CodePointCharStream$CodePoint8BitCharStream::LA (98 bytes)
Event: 7.049 Thread 0x000001a9e34fd1b0 nmethod 4323 0x000001a9cca7ba10 code [0x000001a9cca7bc40, 0x000001a9cca7c538]
Event: 7.049 Thread 0x000001a9e34fd1b0 4341       3       org.antlr.v4.runtime.Parser::consume (214 bytes)

GC Heap History (20 events):
Event: 1.568 GC heap before
{Heap before GC invocations=1 (full 0):
 garbage-first heap   total 262144K, used 38159K [0x0000000080000000, 0x0000000100000000)
  region size 1024K, 30 young (30720K), 3 survivors (3072K)
 Metaspace       used 11483K, committed 11648K, reserved 1114112K
  class space    used 1200K, committed 1280K, reserved 1048576K
}
Event: 1.571 GC heap after
{Heap after GC invocations=2 (full 0):
 garbage-first heap   total 262144K, used 11229K [0x0000000080000000, 0x0000000100000000)
  region size 1024K, 1 young (1024K), 1 survivors (1024K)
 Metaspace       used 11483K, committed 11648K, reserved 1114112K
  class space    used 1200K, committed 1280K, reserved 1048576K
}
Event: 2.633 GC heap before
{Heap before GC invocations=2 (full 0):
 garbage-first heap   total 262144K, used 62429K [0x0000000080000000, 0x0000000100000000)
  region size 1024K, 51 young (52224K), 1 survivors (1024K)
 Metaspace       used 21256K, committed 21504K, reserved 1114112K
  class space    used 2489K, committed 2624K, reserved 1048576K
}
Event: 2.641 GC heap after
{Heap after GC invocations=3 (full 0):
 garbage-first heap   total 262144K, used 19215K [0x0000000080000000, 0x0000000100000000)
  region size 1024K, 9 young (9216K), 9 survivors (9216K)
 Metaspace       used 21256K, committed 21504K, reserved 1114112K
  class space    used 2489K, committed 2624K, reserved 1048576K
}
Event: 3.295 GC heap before
{Heap before GC invocations=4 (full 0):
 garbage-first heap   total 71680K, used 53007K [0x0000000080000000, 0x0000000100000000)
  region size 1024K, 42 young (43008K), 9 survivors (9216K)
 Metaspace       used 26328K, committed 26624K, reserved 1114112K
  class space    used 3348K, committed 3456K, reserved 1048576K
}
Event: 3.301 GC heap after
{Heap after GC invocations=5 (full 0):
 garbage-first heap   total 71680K, used 20444K [0x0000000080000000, 0x0000000100000000)
  region size 1024K, 2 young (2048K), 2 survivors (2048K)
 Metaspace       used 26328K, committed 26624K, reserved 1114112K
  class space    used 3348K, committed 3456K, reserved 1048576K
}
Event: 3.796 GC heap before
{Heap before GC invocations=5 (full 0):
 garbage-first heap   total 71680K, used 49116K [0x0000000080000000, 0x0000000100000000)
  region size 1024K, 30 young (30720K), 2 survivors (2048K)
 Metaspace       used 30121K, committed 30464K, reserved 1114112K
  class space    used 3983K, committed 4160K, reserved 1048576K
}
Event: 3.800 GC heap after
{Heap after GC invocations=6 (full 0):
 garbage-first heap   total 71680K, used 22140K [0x0000000080000000, 0x0000000100000000)
  region size 1024K, 4 young (4096K), 4 survivors (4096K)
 Metaspace       used 30121K, committed 30464K, reserved 1114112K
  class space    used 3983K, committed 4160K, reserved 1048576K
}
Event: 4.318 GC heap before
{Heap before GC invocations=6 (full 0):
 garbage-first heap   total 71680K, used 50812K [0x0000000080000000, 0x0000000100000000)
  region size 1024K, 32 young (32768K), 4 survivors (4096K)
 Metaspace       used 33749K, committed 34048K, reserved 1114112K
  class space    used 4579K, committed 4736K, reserved 1048576K
}
Event: 4.323 GC heap after
{Heap after GC invocations=7 (full 0):
 garbage-first heap   total 71680K, used 23542K [0x0000000080000000, 0x0000000100000000)
  region size 1024K, 4 young (4096K), 4 survivors (4096K)
 Metaspace       used 33749K, committed 34048K, reserved 1114112K
  class space    used 4579K, committed 4736K, reserved 1048576K
}
Event: 4.569 GC heap before
{Heap before GC invocations=7 (full 0):
 garbage-first heap   total 71680K, used 35830K [0x0000000080000000, 0x0000000100000000)
  region size 1024K, 17 young (17408K), 4 survivors (4096K)
 Metaspace       used 35732K, committed 36096K, reserved 1114112K
  class space    used 4866K, committed 5056K, reserved 1048576K
}
Event: 4.572 GC heap after
{Heap after GC invocations=8 (full 0):
 garbage-first heap   total 71680K, used 24035K [0x0000000080000000, 0x0000000100000000)
  region size 1024K, 2 young (2048K), 2 survivors (2048K)
 Metaspace       used 35732K, committed 36096K, reserved 1114112K
  class space    used 4866K, committed 5056K, reserved 1048576K
}
Event: 5.269 GC heap before
{Heap before GC invocations=9 (full 0):
 garbage-first heap   total 71680K, used 53731K [0x0000000080000000, 0x0000000100000000)
  region size 1024K, 32 young (32768K), 2 survivors (2048K)
 Metaspace       used 41337K, committed 41728K, reserved 1114112K
  class space    used 5472K, committed 5632K, reserved 1048576K
}
Event: 5.275 GC heap after
{Heap after GC invocations=10 (full 0):
 garbage-first heap   total 71680K, used 27684K [0x0000000080000000, 0x0000000100000000)
  region size 1024K, 4 young (4096K), 4 survivors (4096K)
 Metaspace       used 41337K, committed 41728K, reserved 1114112K
  class space    used 5472K, committed 5632K, reserved 1048576K
}
Event: 5.668 GC heap before
{Heap before GC invocations=10 (full 0):
 garbage-first heap   total 71680K, used 54308K [0x0000000080000000, 0x0000000100000000)
  region size 1024K, 30 young (30720K), 4 survivors (4096K)
 Metaspace       used 42436K, committed 42880K, reserved 1114112K
  class space    used 5647K, committed 5824K, reserved 1048576K
}
Event: 5.676 GC heap after
{Heap after GC invocations=11 (full 0):
 garbage-first heap   total 71680K, used 29575K [0x0000000080000000, 0x0000000100000000)
  region size 1024K, 2 young (2048K), 2 survivors (2048K)
 Metaspace       used 42436K, committed 42880K, reserved 1114112K
  class space    used 5647K, committed 5824K, reserved 1048576K
}
Event: 6.244 GC heap before
{Heap before GC invocations=11 (full 0):
 garbage-first heap   total 71680K, used 54151K [0x0000000080000000, 0x0000000100000000)
  region size 1024K, 27 young (27648K), 2 survivors (2048K)
 Metaspace       used 45421K, committed 45888K, reserved 1114112K
  class space    used 6146K, committed 6400K, reserved 1048576K
}
Event: 6.248 GC heap after
{Heap after GC invocations=12 (full 0):
 garbage-first heap   total 71680K, used 31594K [0x0000000080000000, 0x0000000100000000)
  region size 1024K, 4 young (4096K), 4 survivors (4096K)
 Metaspace       used 45421K, committed 45888K, reserved 1114112K
  class space    used 6146K, committed 6400K, reserved 1048576K
}
Event: 6.942 GC heap before
{Heap before GC invocations=12 (full 0):
 garbage-first heap   total 71680K, used 56170K [0x0000000080000000, 0x0000000100000000)
  region size 1024K, 28 young (28672K), 4 survivors (4096K)
 Metaspace       used 48514K, committed 48960K, reserved 1114112K
  class space    used 6631K, committed 6848K, reserved 1048576K
}
Event: 6.946 GC heap after
{Heap after GC invocations=13 (full 0):
 garbage-first heap   total 71680K, used 32971K [0x0000000080000000, 0x0000000100000000)
  region size 1024K, 2 young (2048K), 2 survivors (2048K)
 Metaspace       used 48514K, committed 48960K, reserved 1114112K
  class space    used 6631K, committed 6848K, reserved 1048576K
}

Dll operation events (3 events):
Event: 0.013 Loaded shared library C:\Program Files\Android\Android Studio\jbr\bin\java.dll
Event: 0.209 Loaded shared library C:\Program Files\Android\Android Studio\jbr\bin\zip.dll
Event: 0.574 Loaded shared library C:\Program Files\Android\Android Studio\jbr\bin\verify.dll

Deoptimization events (20 events):
Event: 6.540 Thread 0x000001a9ea9ed810 Uncommon trap: trap_request=0xffffff45 fr.pc=0x000001a9d3d03134 relative=0x0000000000000114
Event: 6.540 Thread 0x000001a9ea9ed810 Uncommon trap: reason=unstable_if action=reinterpret pc=0x000001a9d3d03134 method=java.net.URI.match(CJJ)Z @ 45 c2
Event: 6.540 Thread 0x000001a9ea9ed810 DEOPT PACKING pc=0x000001a9d3d03134 sp=0x00000064d6bf9a60
Event: 6.540 Thread 0x000001a9ea9ed810 DEOPT UNPACKING pc=0x000001a9d37569a3 sp=0x00000064d6bf9998 mode 2
Event: 6.540 Thread 0x000001a9ea9ed810 Uncommon trap: trap_request=0xffffff45 fr.pc=0x000001a9d3cc7048 relative=0x0000000000000048
Event: 6.540 Thread 0x000001a9ea9ed810 Uncommon trap: reason=unstable_if action=reinterpret pc=0x000001a9d3cc7048 method=java.net.URI.match(CJJ)Z @ 19 c2
Event: 6.540 Thread 0x000001a9ea9ed810 DEOPT PACKING pc=0x000001a9d3cc7048 sp=0x00000064d6bf9a70
Event: 6.540 Thread 0x000001a9ea9ed810 DEOPT UNPACKING pc=0x000001a9d37569a3 sp=0x00000064d6bf9a20 mode 2
Event: 6.872 Thread 0x000001a9ea9ed810 Uncommon trap: trap_request=0xffffffde fr.pc=0x000001a9d3db65d0 relative=0x0000000000000af0
Event: 6.872 Thread 0x000001a9ea9ed810 Uncommon trap: reason=class_check action=maybe_recompile pc=0x000001a9d3db65d0 method=java.util.Collections$SetFromMap.remove(Ljava/lang/Object;)Z @ 5 c2
Event: 6.872 Thread 0x000001a9ea9ed810 DEOPT PACKING pc=0x000001a9d3db65d0 sp=0x00000064d6bfa380
Event: 6.872 Thread 0x000001a9ea9ed810 DEOPT UNPACKING pc=0x000001a9d37569a3 sp=0x00000064d6bfa378 mode 2
Event: 6.893 Thread 0x000001a9ea9ed810 Uncommon trap: trap_request=0xffffffde fr.pc=0x000001a9d3db65d0 relative=0x0000000000000af0
Event: 6.893 Thread 0x000001a9ea9ed810 Uncommon trap: reason=class_check action=maybe_recompile pc=0x000001a9d3db65d0 method=java.util.Collections$SetFromMap.remove(Ljava/lang/Object;)Z @ 5 c2
Event: 6.893 Thread 0x000001a9ea9ed810 DEOPT PACKING pc=0x000001a9d3db65d0 sp=0x00000064d6bfa560
Event: 6.893 Thread 0x000001a9ea9ed810 DEOPT UNPACKING pc=0x000001a9d37569a3 sp=0x00000064d6bfa558 mode 2
Event: 6.893 Thread 0x000001a9ea9ed810 Uncommon trap: trap_request=0xffffffc6 fr.pc=0x000001a9d3e6b8e4 relative=0x0000000000000284
Event: 6.893 Thread 0x000001a9ea9ed810 Uncommon trap: reason=bimorphic_or_optimized_type_check action=maybe_recompile pc=0x000001a9d3e6b8e4 method=java.util.Spliterators$IteratorSpliterator.tryAdvance(Ljava/util/function/Consumer;)Z @ 50 c2
Event: 6.893 Thread 0x000001a9ea9ed810 DEOPT PACKING pc=0x000001a9d3e6b8e4 sp=0x00000064d6bfb080
Event: 6.893 Thread 0x000001a9ea9ed810 DEOPT UNPACKING pc=0x000001a9d37569a3 sp=0x00000064d6bfb020 mode 2

Classes unloaded (0 events):
No events

Classes redefined (0 events):
No events

Internal exceptions (20 events):
Event: 5.797 Thread 0x000001a9ea9ed810 Exception <a 'java/lang/NoSuchMethodError'{0x000000008c9be160}: 'java.lang.Object java.lang.invoke.Invokers$Holder.linkToTargetMethod(java.lang.Object, long, java.lang.Object)'> (0x000000008c9be160) 
thrown [s\src\hotspot\share\interpreter\linkResolver.cpp, line 771]
Event: 5.829 Thread 0x000001a9ea9ed810 Exception <a 'java/lang/NoSuchMethodError'{0x000000008c760748}: 'int java.lang.invoke.DirectMethodHandle$Holder.invokeInterface(java.lang.Object, java.lang.Object)'> (0x000000008c760748) 
thrown [s\src\hotspot\share\interpreter\linkResolver.cpp, line 771]
Event: 5.926 Thread 0x000001a9ea9ed810 Exception <a 'java/lang/NoSuchMethodError'{0x000000008c4c3858}: 'java.lang.Object java.lang.invoke.DirectMethodHandle$Holder.invokeVirtual(java.lang.Object, java.lang.Object, int)'> (0x000000008c4c3858) 
thrown [s\src\hotspot\share\interpreter\linkResolver.cpp, line 771]
Event: 5.979 Thread 0x000001a9ea9ed810 Exception <a 'java/lang/NoSuchMethodError'{0x0000000083949db8}: 'java.lang.Object java.lang.invoke.DirectMethodHandle$Holder.newInvokeSpecial(java.lang.Object, java.lang.Object, java.lang.Object, java.lang.Object, int)'> (0x0000000083949db8) 
thrown [s\src\hotspot\share\interpreter\linkResolver.cpp, line 771]
Event: 5.979 Thread 0x000001a9ea9ed810 Exception <a 'java/lang/NoSuchMethodError'{0x000000008394ee38}: 'java.lang.Object java.lang.invoke.DirectMethodHandle$Holder.invokeSpecial(java.lang.Object, java.lang.Object, java.lang.Object, java.lang.Object, java.lang.Object, int)'> (0x000000008394ee38) 
thrown [s\src\hotspot\share\interpreter\linkResolver.cpp, line 771]
Event: 5.980 Thread 0x000001a9ea9ed810 Exception <a 'java/lang/NoSuchMethodError'{0x0000000083953868}: 'java.lang.Object java.lang.invoke.Invokers$Holder.linkToTargetMethod(java.lang.Object, java.lang.Object, java.lang.Object, int, java.lang.Object)'> (0x0000000083953868) 
thrown [s\src\hotspot\share\interpreter\linkResolver.cpp, line 771]
Event: 6.022 Thread 0x000001a9ea9ed810 Exception <a 'java/lang/NoSuchMethodError'{0x0000000083727b08}: 'int java.lang.invoke.DirectMethodHandle$Holder.invokeInterface(java.lang.Object, java.lang.Object, java.lang.Object, java.lang.Object)'> (0x0000000083727b08) 
thrown [s\src\hotspot\share\interpreter\linkResolver.cpp, line 771]
Event: 6.168 Thread 0x000001a9ea9ed810 Implicit null exception at 0x000001a9d3e4e56c to 0x000001a9d3e4e614
Event: 6.272 Thread 0x000001a9ea9ed810 Exception <a 'java/lang/NoSuchMethodError'{0x000000008cce39d0}: 'void java.lang.invoke.DirectMethodHandle$Holder.invokeInterface(java.lang.Object, java.lang.Object)'> (0x000000008cce39d0) 
thrown [s\src\hotspot\share\interpreter\linkResolver.cpp, line 771]
Event: 6.274 Thread 0x000001a9ea9ed810 Exception <a 'java/lang/IncompatibleClassChangeError'{0x000000008cceee80}: Found class java.lang.Object, but interface was expected> (0x000000008cceee80) 
thrown [s\src\hotspot\share\interpreter\linkResolver.cpp, line 838]
Event: 6.316 Thread 0x000001a9ea9ed810 Exception <a 'java/lang/NoSuchMethodError'{0x000000008c986190}: 'java.lang.Object java.lang.invoke.DirectMethodHandle$Holder.newInvokeSpecial(java.lang.Object, int, java.lang.Object)'> (0x000000008c986190) 
thrown [s\src\hotspot\share\interpreter\linkResolver.cpp, line 771]
Event: 6.373 Thread 0x000001a9ea9ed810 Exception <a 'java/lang/NoSuchMethodError'{0x000000008c732e18}: 'java.lang.Object java.lang.invoke.DirectMethodHandle$Holder.newInvokeSpecial(java.lang.Object, java.lang.Object, int, java.lang.Object)'> (0x000000008c732e18) 
thrown [s\src\hotspot\share\interpreter\linkResolver.cpp, line 771]
Event: 6.374 Thread 0x000001a9ea9ed810 Exception <a 'java/lang/NoSuchMethodError'{0x000000008c7379a8}: 'java.lang.Object java.lang.invoke.DirectMethodHandle$Holder.invokeSpecial(java.lang.Object, java.lang.Object, java.lang.Object, int, java.lang.Object)'> (0x000000008c7379a8) 
thrown [s\src\hotspot\share\interpreter\linkResolver.cpp, line 771]
Event: 6.731 Thread 0x000001a9ea9ed810 Exception <a 'sun/nio/fs/WindowsException'{0x0000000083406248}> (0x0000000083406248) 
thrown [s\src\hotspot\share\prims\jni.cpp, line 531]
Event: 6.731 Thread 0x000001a9ea9ed810 Exception <a 'sun/nio/fs/WindowsException'{0x0000000083406508}> (0x0000000083406508) 
thrown [s\src\hotspot\share\prims\jni.cpp, line 531]
Event: 6.731 Thread 0x000001a9ea9ed810 Exception <a 'sun/nio/fs/WindowsException'{0x0000000083408cd8}> (0x0000000083408cd8) 
thrown [s\src\hotspot\share\prims\jni.cpp, line 531]
Event: 6.731 Thread 0x000001a9ea9ed810 Exception <a 'sun/nio/fs/WindowsException'{0x0000000083409088}> (0x0000000083409088) 
thrown [s\src\hotspot\share\prims\jni.cpp, line 531]
Event: 6.732 Thread 0x000001a9ea9ed810 Exception <a 'java/lang/NoSuchMethodError'{0x0000000083416708}: 'java.lang.Object java.lang.invoke.DirectMethodHandle$Holder.newInvokeSpecial(java.lang.Object, java.lang.Object, int)'> (0x0000000083416708) 
thrown [s\src\hotspot\share\interpreter\linkResolver.cpp, line 771]
Event: 6.841 Thread 0x000001a9ea9ed810 Exception <a 'sun/nio/fs/WindowsException'{0x000000008312fc40}> (0x000000008312fc40) 
thrown [s\src\hotspot\share\prims\jni.cpp, line 531]
Event: 6.841 Thread 0x000001a9ea9ed810 Exception <a 'sun/nio/fs/WindowsException'{0x000000008312fff0}> (0x000000008312fff0) 
thrown [s\src\hotspot\share\prims\jni.cpp, line 531]

VM Operations (20 events):
Event: 5.668 Executing VM operation: G1CollectForAllocation
Event: 5.676 Executing VM operation: G1CollectForAllocation done
Event: 5.787 Executing VM operation: HandshakeAllThreads
Event: 5.787 Executing VM operation: HandshakeAllThreads done
Event: 5.813 Executing VM operation: HandshakeAllThreads
Event: 5.813 Executing VM operation: HandshakeAllThreads done
Event: 6.010 Executing VM operation: HandshakeAllThreads
Event: 6.010 Executing VM operation: HandshakeAllThreads done
Event: 6.014 Executing VM operation: HandshakeAllThreads
Event: 6.014 Executing VM operation: HandshakeAllThreads done
Event: 6.021 Executing VM operation: HandshakeAllThreads
Event: 6.021 Executing VM operation: HandshakeAllThreads done
Event: 6.128 Executing VM operation: HandshakeAllThreads
Event: 6.128 Executing VM operation: HandshakeAllThreads done
Event: 6.244 Executing VM operation: G1CollectForAllocation
Event: 6.248 Executing VM operation: G1CollectForAllocation done
Event: 6.388 Executing VM operation: HandshakeAllThreads
Event: 6.388 Executing VM operation: HandshakeAllThreads done
Event: 6.942 Executing VM operation: G1CollectForAllocation
Event: 6.946 Executing VM operation: G1CollectForAllocation done

Events (20 events):
Event: 6.629 loading class javax/net/ssl/SSLPeerUnverifiedException
Event: 6.629 loading class javax/net/ssl/SSLPeerUnverifiedException done
Event: 6.629 loading class javax/naming/NamingException
Event: 6.631 loading class javax/naming/NamingException done
Event: 6.631 loading class javax/naming/InvalidNameException
Event: 6.636 loading class javax/naming/InvalidNameException done
Event: 6.636 loading class java/security/cert/CertificateParsingException
Event: 6.637 loading class java/security/cert/CertificateException
Event: 6.637 loading class java/security/cert/CertificateException done
Event: 6.637 loading class java/security/cert/CertificateParsingException done
Event: 6.897 loading class java/nio/channels/Channels
Event: 6.897 loading class java/nio/channels/Channels done
Event: 6.897 loading class sun/nio/ch/ChannelInputStream
Event: 6.898 loading class sun/nio/ch/ChannelInputStream done
Event: 6.900 loading class java/nio/channels/Channels$ReadableByteChannelImpl
Event: 6.900 loading class java/nio/channels/Channels$ReadableByteChannelImpl done
Event: 6.923 loading class java/util/EmptyStackException
Event: 6.923 loading class java/util/EmptyStackException done
Event: 6.932 loading class java/io/InvalidClassException
Event: 6.932 loading class java/io/InvalidClassException done


Dynamic libraries:
0x00007ff77f130000 - 0x00007ff77f13a000 	C:\Program Files\Android\Android Studio\jbr\bin\java.exe
0x00007ffc5d3f0000 - 0x00007ffc5d5e8000 	C:\Windows\SYSTEM32\ntdll.dll
0x00007ffc5b8e0000 - 0x00007ffc5b9a2000 	C:\Windows\System32\KERNEL32.DLL
0x00007ffc5aa90000 - 0x00007ffc5ad8e000 	C:\Windows\System32\KERNELBASE.dll
0x00007ffc5b1f0000 - 0x00007ffc5b2f0000 	C:\Windows\System32\ucrtbase.dll
0x00007ffc444d0000 - 0x00007ffc444e7000 	C:\Program Files\Android\Android Studio\jbr\bin\jli.dll
0x00007ffc46930000 - 0x00007ffc4694b000 	C:\Program Files\Android\Android Studio\jbr\bin\VCRUNTIME140.dll
0x00007ffc5b9b0000 - 0x00007ffc5bb4d000 	C:\Windows\System32\USER32.dll
0x00007ffc5af90000 - 0x00007ffc5afb2000 	C:\Windows\System32\win32u.dll
0x00007ffc45520000 - 0x00007ffc457ba000 	C:\Windows\WinSxS\amd64_microsoft.windows.common-controls_6595b64144ccf1df_6.0.19041.4355_none_60b8b9eb71f62e16\COMCTL32.dll
0x00007ffc5d1c0000 - 0x00007ffc5d1eb000 	C:\Windows\System32\GDI32.dll
0x00007ffc5d1f0000 - 0x00007ffc5d28e000 	C:\Windows\System32\msvcrt.dll
0x00007ffc5b2f0000 - 0x00007ffc5b407000 	C:\Windows\System32\gdi32full.dll
0x00007ffc5ad90000 - 0x00007ffc5ae2d000 	C:\Windows\System32\msvcp_win.dll
0x00007ffc5cca0000 - 0x00007ffc5cccf000 	C:\Windows\System32\IMM32.DLL
0x00007ffc469f0000 - 0x00007ffc469fc000 	C:\Program Files\Android\Android Studio\jbr\bin\vcruntime140_1.dll
0x00007ffc2f280000 - 0x00007ffc2f30d000 	C:\Program Files\Android\Android Studio\jbr\bin\msvcp140.dll
0x00007ffbe6e00000 - 0x00007ffbe7a83000 	C:\Program Files\Android\Android Studio\jbr\bin\server\jvm.dll
0x00007ffc5cf70000 - 0x00007ffc5d022000 	C:\Windows\System32\ADVAPI32.dll
0x00007ffc5ce50000 - 0x00007ffc5cef0000 	C:\Windows\System32\sechost.dll
0x00007ffc5b410000 - 0x00007ffc5b533000 	C:\Windows\System32\RPCRT4.dll
0x00007ffc5b010000 - 0x00007ffc5b037000 	C:\Windows\System32\bcrypt.dll
0x00007ffc2ebf0000 - 0x00007ffc2ebf9000 	C:\Windows\SYSTEM32\WSOCK32.dll
0x00007ffc4fce0000 - 0x00007ffc4fd07000 	C:\Windows\SYSTEM32\WINMM.dll
0x00007ffc5ccd0000 - 0x00007ffc5cd3b000 	C:\Windows\System32\WS2_32.dll
0x00007ffc59fd0000 - 0x00007ffc5a01b000 	C:\Windows\SYSTEM32\POWRPROF.dll
0x00007ffc553d0000 - 0x00007ffc553da000 	C:\Windows\SYSTEM32\VERSION.dll
0x00007ffc59e90000 - 0x00007ffc59ea2000 	C:\Windows\SYSTEM32\UMPDC.dll
0x00007ffc58930000 - 0x00007ffc58942000 	C:\Windows\SYSTEM32\kernel.appcore.dll
0x00007ffc57aa0000 - 0x00007ffc57aaa000 	C:\Program Files\Android\Android Studio\jbr\bin\jimage.dll
0x00007ffc4f3a0000 - 0x00007ffc4f584000 	C:\Windows\SYSTEM32\DBGHELP.DLL
0x00007ffc3a930000 - 0x00007ffc3a964000 	C:\Windows\SYSTEM32\dbgcore.DLL
0x00007ffc5b0f0000 - 0x00007ffc5b172000 	C:\Windows\System32\bcryptPrimitives.dll
0x00007ffc444f0000 - 0x00007ffc444fe000 	C:\Program Files\Android\Android Studio\jbr\bin\instrument.dll
0x00007ffc54660000 - 0x00007ffc54685000 	C:\Program Files\Android\Android Studio\jbr\bin\java.dll
0x00007ffc542b0000 - 0x00007ffc542c8000 	C:\Program Files\Android\Android Studio\jbr\bin\zip.dll
0x00007ffc5c530000 - 0x00007ffc5cc9f000 	C:\Windows\System32\SHELL32.dll
0x00007ffc58b30000 - 0x00007ffc592d4000 	C:\Windows\SYSTEM32\windows.storage.dll
0x00007ffc5c1d0000 - 0x00007ffc5c523000 	C:\Windows\System32\combase.dll
0x00007ffc5a4c0000 - 0x00007ffc5a4ee000 	C:\Windows\SYSTEM32\Wldp.dll
0x00007ffc5b540000 - 0x00007ffc5b60d000 	C:\Windows\System32\OLEAUT32.dll
0x00007ffc5cd40000 - 0x00007ffc5cded000 	C:\Windows\System32\SHCORE.dll
0x00007ffc5bfc0000 - 0x00007ffc5c015000 	C:\Windows\System32\shlwapi.dll
0x00007ffc5a9c0000 - 0x00007ffc5a9e4000 	C:\Windows\SYSTEM32\profapi.dll
0x00007ffc54290000 - 0x00007ffc542a9000 	C:\Program Files\Android\Android Studio\jbr\bin\net.dll
0x00007ffc57120000 - 0x00007ffc5722d000 	C:\Windows\SYSTEM32\WINHTTP.dll
0x00007ffc5a220000 - 0x00007ffc5a28a000 	C:\Windows\system32\mswsock.dll
0x00007ffc54240000 - 0x00007ffc54256000 	C:\Program Files\Android\Android Studio\jbr\bin\nio.dll
0x00007ffc46a40000 - 0x00007ffc46a50000 	C:\Program Files\Android\Android Studio\jbr\bin\verify.dll
0x00007ffc3e970000 - 0x00007ffc3e997000 	C:\Users\PC\.gradle\native\c067742578af261105cb4f569cf0c3c89f3d7b1fecec35dd04571415982c5e48\windows-amd64\native-platform.dll
0x00007ffc25840000 - 0x00007ffc25984000 	C:\Users\PC\.gradle\native\38dada09dfb8b06ba9b0570ebf7e218e3eb74d4ef43ca46872605cf95ebc2f47\windows-amd64\native-platform-file-events.dll
0x00007ffc54280000 - 0x00007ffc54289000 	C:\Program Files\Android\Android Studio\jbr\bin\management.dll
0x00007ffc54230000 - 0x00007ffc5423b000 	C:\Program Files\Android\Android Studio\jbr\bin\management_ext.dll
0x00007ffc5b840000 - 0x00007ffc5b848000 	C:\Windows\System32\PSAPI.DLL
0x00007ffc5a420000 - 0x00007ffc5a438000 	C:\Windows\SYSTEM32\CRYPTSP.dll
0x00007ffc59a70000 - 0x00007ffc59aa4000 	C:\Windows\system32\rsaenh.dll
0x00007ffc5a940000 - 0x00007ffc5a96e000 	C:\Windows\SYSTEM32\USERENV.dll
0x00007ffc5a410000 - 0x00007ffc5a41c000 	C:\Windows\SYSTEM32\CRYPTBASE.dll
0x00007ffc59eb0000 - 0x00007ffc59eeb000 	C:\Windows\SYSTEM32\IPHLPAPI.DLL
0x00007ffc5b750000 - 0x00007ffc5b758000 	C:\Windows\System32\NSI.dll
0x00007ffc579a0000 - 0x00007ffc579b7000 	C:\Windows\SYSTEM32\dhcpcsvc6.DLL
0x00007ffc57980000 - 0x00007ffc5799d000 	C:\Windows\SYSTEM32\dhcpcsvc.DLL
0x00007ffc59ef0000 - 0x00007ffc59fba000 	C:\Windows\SYSTEM32\DNSAPI.dll
0x00007ffc54650000 - 0x00007ffc54659000 	C:\Program Files\Android\Android Studio\jbr\bin\extnet.dll
0x00007ffc54dc0000 - 0x00007ffc54dc7000 	C:\Windows\system32\wshunix.dll

dbghelp: loaded successfully - version: 4.0.5 - missing functions: none
symbol engine: initialized successfully - sym options: 0x614 - pdb path: .;C:\Program Files\Android\Android Studio\jbr\bin;C:\Windows\SYSTEM32;C:\Windows\WinSxS\amd64_microsoft.windows.common-controls_6595b64144ccf1df_6.0.19041.4355_none_60b8b9eb71f62e16;C:\Program Files\Android\Android Studio\jbr\bin\server;C:\Users\PC\.gradle\native\c067742578af261105cb4f569cf0c3c89f3d7b1fecec35dd04571415982c5e48\windows-amd64;C:\Users\PC\.gradle\native\38dada09dfb8b06ba9b0570ebf7e218e3eb74d4ef43ca46872605cf95ebc2f47\windows-amd64

VM Arguments:
jvm_args: --add-opens=java.base/java.util=ALL-UNNAMED --add-opens=java.base/java.lang=ALL-UNNAMED --add-opens=java.base/java.lang.invoke=ALL-UNNAMED --add-opens=java.prefs/java.util.prefs=ALL-UNNAMED --add-opens=java.base/java.nio.charset=ALL-UNNAMED --add-opens=java.base/java.net=ALL-UNNAMED --add-opens=java.base/java.util.concurrent.atomic=ALL-UNNAMED -Xmx2048m -Dfile.encoding=UTF-8 -Duser.country=RU -Duser.language=ru -Duser.variant -javaagent:C:\Users\PC\.gradle\wrapper\dists\gradle-8.7-bin\bhs2wmbdwecv87pi65oeuq5iu\gradle-8.7\lib\agents\gradle-instrumentation-agent-8.7.jar 
java_command: org.gradle.launcher.daemon.bootstrap.GradleDaemon 8.7
java_class_path (initial): C:\Users\PC\.gradle\wrapper\dists\gradle-8.7-bin\bhs2wmbdwecv87pi65oeuq5iu\gradle-8.7\lib\gradle-launcher-8.7.jar
Launcher Type: SUN_STANDARD

[Global flags]
     intx CICompilerCount                          = 4                                         {product} {ergonomic}
     uint ConcGCThreads                            = 2                                         {product} {ergonomic}
     uint G1ConcRefinementThreads                  = 8                                         {product} {ergonomic}
   size_t G1HeapRegionSize                         = 1048576                                   {product} {ergonomic}
    uintx GCDrainStackTargetSize                   = 64                                        {product} {ergonomic}
   size_t InitialHeapSize                          = 268435456                                 {product} {ergonomic}
   size_t MarkStackSize                            = 4194304                                   {product} {ergonomic}
   size_t MaxHeapSize                              = 2147483648                                {product} {command line}
   size_t MaxNewSize                               = 1287651328                                {product} {ergonomic}
   size_t MinHeapDeltaBytes                        = 1048576                                   {product} {ergonomic}
   size_t MinHeapSize                              = 8388608                                   {product} {ergonomic}
    uintx NonNMethodCodeHeapSize                   = 5839372                                {pd product} {ergonomic}
    uintx NonProfiledCodeHeapSize                  = 122909434                              {pd product} {ergonomic}
    uintx ProfiledCodeHeapSize                     = 122909434                              {pd product} {ergonomic}
    uintx ReservedCodeCacheSize                    = 251658240                              {pd product} {ergonomic}
     bool SegmentedCodeCache                       = true                                      {product} {ergonomic}
   size_t SoftMaxHeapSize                          = 2147483648                             {manageable} {ergonomic}
     bool UseCompressedClassPointers               = true                           {product lp64_product} {ergonomic}
     bool UseCompressedOops                        = true                           {product lp64_product} {ergonomic}
     bool UseG1GC                                  = true                                      {product} {ergonomic}
     bool UseLargePagesIndividualAllocation        = false                                  {pd product} {ergonomic}

Logging:
Log output configuration:
 #0: stdout all=warning uptime,level,tags
 #1: stderr all=off uptime,level,tags

Environment Variables:
PATH=C:\Windows\system32;C:\Windows;C:\Windows\System32\Wbem;C:\Windows\System32\WindowsPowerShell\v1.0\;C:\Windows\System32\OpenSSH\;C:\Program Files\NVIDIA Corporation\NVIDIA NvDLISR;C:\Program Files (x86)\NVIDIA Corporation\PhysX\Common;C:\Program Files\Git\cmd;C:\Users\PC\AppData\Local\Microsoft\WindowsApps;
USERNAME=PC
OS=Windows_NT
PROCESSOR_IDENTIFIER=Intel64 Family 6 Model 42 Stepping 7, GenuineIntel
TMP=C:\Users\PC\AppData\Local\Temp
TEMP=C:\Users\PC\AppData\Local\Temp



Periodic native trim disabled

JNI global refs:
JNI global refs: 28, weak refs: 2

JNI global refs memory usage: 843, weak refs: 841

Process memory usage:
Resident Set Size: 256556K (1% of 16736488K total physical memory with 1803868K free physical memory)

OOME stack traces (most recent first):
Classloader memory used:
Loader org.gradle.internal.classloader.VisitableURLClassLoader                         : 2964K
Loader bootstrap                                                                       : 2352K
Loader org.gradle.initialization.MixInLegacyTypesClassLoader                           : 789K
Loader jdk.internal.loader.ClassLoaders$PlatformClassLoader                            : 67726B
Loader jdk.internal.loader.ClassLoaders$AppClassLoader                                 : 28747B
Loader jdk.internal.reflect.DelegatingClassLoader                                      : 4752B
Loader org.gradle.internal.classloader.VisitableURLClassLoader                         : 3673B

Classes loaded by more than one classloader:
Class org.gradle.internal.installation.GradleInstallation                             : loaded 2 times (x 73B)
Class org.gradle.internal.classpath.ClassPath                                         : loaded 2 times (x 68B)
Class org.gradle.api.internal.classpath.DefaultModuleRegistry                         : loaded 2 times (x 84B)
Class Settings_gradle$1$1                                                             : loaded 2 times (x 72B)
Class org.gradle.api.Action                                                           : loaded 2 times (x 68B)
Class org.gradle.api.internal.DefaultClassPathProvider                                : loaded 2 times (x 74B)
Class org.gradle.internal.installation.GradleInstallation$1                           : loaded 2 times (x 73B)
Class org.gradle.internal.classloader.FilteringClassLoader                            : loaded 2 times (x 103B)
Class org.gradle.internal.classpath.DefaultClassPath$ImmutableUniqueList$Builder      : loaded 2 times (x 73B)
Class org.gradle.internal.classloader.ClassLoaderVisitor                              : loaded 2 times (x 74B)
Class org.gradle.internal.service.DefaultServiceLocator                               : loaded 2 times (x 81B)
Class org.gradle.internal.service.UnknownServiceException                             : loaded 2 times (x 81B)
Class org.gradle.internal.classloader.DefaultClassLoaderFactory                       : loaded 2 times (x 80B)
Class org.gradle.internal.classloader.VisitableURLClassLoader$Spec                    : loaded 2 times (x 72B)
Class org.gradle.api.GradleException                                                  : loaded 2 times (x 80B)
Class org.gradle.api.internal.classpath.ModuleRegistry                                : loaded 2 times (x 68B)
Class org.gradle.api.internal.ClassPathProvider                                       : loaded 2 times (x 68B)
Class org.gradle.internal.classloader.ClasspathUtil$1                                 : loaded 2 times (x 74B)
Class org.gradle.internal.classloader.ClassLoaderFactory                              : loaded 2 times (x 68B)
Class org.gradle.api.internal.classpath.ManifestUtil                                  : loaded 2 times (x 69B)
Class org.gradle.api.specs.Spec                                                       : loaded 2 times (x 68B)
Class org.gradle.internal.IoActions                                                   : loaded 2 times (x 69B)
Class org.gradle.api.internal.classpath.EffectiveClassPath                            : loaded 2 times (x 88B)
Class org.gradle.internal.installation.CurrentGradleInstallation                      : loaded 2 times (x 71B)
Class org.gradle.internal.agents.InstrumentingClassLoader                             : loaded 2 times (x 68B)
Class org.gradle.internal.installation.CurrentGradleInstallationLocator               : loaded 2 times (x 69B)
Class org.gradle.api.internal.classpath.Module                                        : loaded 2 times (x 68B)
Class org.gradle.internal.service.CachingServiceLocator                               : loaded 2 times (x 80B)
Class org.gradle.internal.classpath.DefaultClassPath                                  : loaded 2 times (x 88B)
Class org.gradle.internal.classloader.SystemClassLoaderSpec                           : loaded 2 times (x 69B)
Class org.gradle.api.UncheckedIOException                                             : loaded 2 times (x 80B)
Class Program                                                                         : loaded 2 times (x 70B)
Class org.gradle.internal.classloader.ClasspathUtil                                   : loaded 2 times (x 69B)
Class org.gradle.api.internal.DefaultClassPathRegistry                                : loaded 2 times (x 74B)
Class org.gradle.api.internal.classpath.DefaultModuleRegistry$DefaultModule           : loaded 2 times (x 84B)
Class org.gradle.api.internal.classpath.UnknownModuleException                        : loaded 2 times (x 80B)
Class org.gradle.internal.service.ServiceLookupException                              : loaded 2 times (x 80B)
Class org.gradle.cache.GlobalCache                                                    : loaded 2 times (x 68B)
Class [Lorg.gradle.api.internal.ClassPathProvider;                                    : loaded 2 times (x 67B)
Class org.gradle.util.internal.GUtil                                                  : loaded 2 times (x 69B)
Class org.gradle.internal.classloader.ClassLoaderSpec                                 : loaded 2 times (x 69B)
Class org.gradle.internal.classloader.VisitableURLClassLoader                         : loaded 2 times (x 115B)
Class org.gradle.internal.Cast                                                        : loaded 2 times (x 69B)
Class org.gradle.api.internal.ClassPathRegistry                                       : loaded 2 times (x 68B)
Class org.gradle.internal.classloader.VisitableURLClassLoader$InstrumentingVisitableURLClassLoader: loaded 2 times (x 121B)
Class org.gradle.internal.classloader.ClassLoaderHierarchy                            : loaded 2 times (x 68B)
Class org.gradle.internal.InternalTransformer                                         : loaded 2 times (x 68B)
Class org.gradle.internal.service.ServiceLocator                                      : loaded 2 times (x 68B)
Class Settings_gradle$1                                                               : loaded 2 times (x 72B)
Class org.gradle.internal.classpath.DefaultClassPath$ImmutableUniqueList              : loaded 2 times (x 159B)
Class org.gradle.internal.classpath.TransformedClassPath                              : loaded 2 times (x 94B)
Class Settings_gradle                                                                 : loaded 2 times (x 126B)


---------------  S Y S T E M  ---------------

OS:
 Windows 10 , 64 bit Build 19041 (10.0.19041.4957)
OS uptime: 0 days 7:44 hours

CPU: total 8 (initial active 8) (4 cores per cpu, 2 threads per core) family 6 model 42 stepping 7 microcode 0x2f, cx8, cmov, fxsr, ht, mmx, sse, sse2, sse3, ssse3, sse4.1, sse4.2, popcnt, tsc, tscinvbit, avx, aes, clmul, vzeroupper, clflush
Processor Information for all 8 processors :
  Max Mhz: 3801, Current Mhz: 3801, Mhz Limit: 3801

Memory: 4k page, system-wide physical 16344M (1761M free)
TotalPageFile size 30573M (AvailPageFile size 8M)
current process WorkingSet (physical memory assigned to process): 250M, peak: 259M
current process commit charge ("private bytes"): 286M, peak: 402M

vm_info: OpenJDK 64-Bit Server VM (17.0.11+0--11852314) for windows-amd64 JRE (17.0.11+0--11852314), built on May 16 2024 21:29:20 by "androidbuild" with MS VC++ 16.10 / 16.11 (VS2019)

END.
